  main.cpp
  Generating code
  2 of 875 functions ( 0.2%) were compiled, the rest were copied from previous compilation.
    0 functions were new in current compilation
    1 functions had inline decision re-evaluated but remain unchanged
  Finished generating code
  ImWindowGLFW.vcxproj -> C:\Users\Daniel\Desktop\ImWindow\.projects\vs2017\..\..\Output\ImWindowGLFW.exe
c:\users\daniel\desktop\imwindow\externals\imgui\imgui.h(971): warning C26495: Variable 'ImGuiStorage::Pair::<anonymous-tag>::val_i' is uninitialized. Always initialize a member variable (type.6).
c:\users\daniel\desktop\imwindow\externals\imgui\imgui.h(972): warning C26495: Variable 'ImGuiStorage::Pair::<anonymous-tag>::val_f' is uninitialized. Always initialize a member variable (type.6).
c:\users\daniel\desktop\imwindow\externals\imgui\imgui.h(1102): warning C26495: Variable 'ImGuiListClipper::StartPosY' is uninitialized. Always initialize a member variable (type.6).
c:\users\daniel\desktop\imwindow\externals\imgui\imgui.h(1186): warning C26495: Variable 'ImDrawList::_ChannelsCurrent' is uninitialized. Always initialize a member variable (type.6).
c:\users\daniel\desktop\imwindow\externals\imgui\imgui_internal.h(284): warning C26495: Variable 'ImGuiStyleMod::<anonymous-tag>::BackupInt' is uninitialized. Always initialize a member variable (type.6).
c:\users\daniel\desktop\imwindow\externals\imgui\imgui_internal.h(285): warning C26495: Variable 'ImGuiStyleMod::<anonymous-tag>::BackupInt' is uninitialized. Always initialize a member variable (type.6).
c:\users\daniel\desktop\imwindow\externals\imgui\imgui_internal.h(365): warning C26495: Variable 'ImGuiMouseCursorData::Type' is uninitialized. Always initialize a member variable (type.6).
c:\users\daniel\desktop\imwindow\include\picosha2.h(184): warning C26495: Variable 'picosha2::hash256_one_by_one::data_length_digits_' is uninitialized. Always initialize a member variable (type.6).
c:\users\daniel\desktop\imwindow\include\nigger.h(240): warning C6001: Using uninitialized memory 'vtProp'.
c:\users\daniel\desktop\imwindow\include\nigger.h(307): warning C26451: Arithmetic overflow: Using operator '-' on a 4 byte value and then casting the result to a 8 byte value. Cast the value to the wider type before calling operator '-' to avoid overflow (io.2).
c:\users\daniel\desktop\imwindow\include\nigger.h(308): warning C26451: Arithmetic overflow: Using operator '-' on a 4 byte value and then casting the result to a 8 byte value. Cast the value to the wider type before calling operator '-' to avoid overflow (io.2).
c:\users\daniel\desktop\imwindow\imwindowglfw\main.cpp(1402): warning C6054: String 'strcolor12' might not be zero-terminated.
c:\users\daniel\desktop\imwindow\imwindowglfw\main.cpp(1402): warning C6001: Using uninitialized memory 'strcolor12'.
c:\users\daniel\desktop\imwindow\imwindowglfw\main.cpp(1403): warning C6054: String 'strcolor13' might not be zero-terminated.
c:\users\daniel\desktop\imwindow\imwindowglfw\main.cpp(1403): warning C6001: Using uninitialized memory 'strcolor13'.
c:\users\daniel\desktop\imwindow\imwindowglfw\main.cpp(1401): warning C6054: String 'strcolor11' might not be zero-terminated.
c:\users\daniel\desktop\imwindow\imwindowglfw\main.cpp(1401): warning C6001: Using uninitialized memory 'strcolor11'.
c:\users\daniel\desktop\imwindow\imwindowglfw\main.cpp(1396): warning C6054: String 'strslotmin' might not be zero-terminated.
c:\users\daniel\desktop\imwindow\imwindowglfw\main.cpp(1396): warning C6001: Using uninitialized memory 'strslotmin'.
c:\users\daniel\desktop\imwindow\imwindowglfw\main.cpp(1388): warning C6054: String 'strblockhit' might not be zero-terminated.
c:\users\daniel\desktop\imwindow\imwindowglfw\main.cpp(1388): warning C6001: Using uninitialized memory 'strblockhit'.
c:\users\daniel\desktop\imwindow\imwindowglfw\main.cpp(1399): warning C6054: String 'strcleanstrings' might not be zero-terminated.
c:\users\daniel\desktop\imwindow\imwindowglfw\main.cpp(1399): warning C6001: Using uninitialized memory 'strcleanstrings'.
c:\users\daniel\desktop\imwindow\imwindowglfw\main.cpp(1409): warning C6054: String 'strcolor31' might not be zero-terminated.
c:\users\daniel\desktop\imwindow\imwindowglfw\main.cpp(1409): warning C6001: Using uninitialized memory 'strcolor31'.
c:\users\daniel\desktop\imwindow\imwindowglfw\main.cpp(1389): warning C6054: String 'strrandomizeblockhit' might not be zero-terminated.
c:\users\daniel\desktop\imwindow\imwindowglfw\main.cpp(1389): warning C6001: Using uninitialized memory 'strrandomizeblockhit'.
c:\users\daniel\desktop\imwindow\imwindowglfw\main.cpp(1406): warning C6054: String 'strcolor22' might not be zero-terminated.
c:\users\daniel\desktop\imwindow\imwindowglfw\main.cpp(1406): warning C6001: Using uninitialized memory 'strcolor22'.
c:\users\daniel\desktop\imwindow\imwindowglfw\main.cpp(1400): warning C6054: String 'strcleanfiles' might not be zero-terminated.
c:\users\daniel\desktop\imwindow\imwindowglfw\main.cpp(1400): warning C6001: Using uninitialized memory 'strcleanfiles'.
c:\users\daniel\desktop\imwindow\imwindowglfw\main.cpp(1408): warning C6054: String 'strcolor24' might not be zero-terminated.
c:\users\daniel\desktop\imwindow\imwindowglfw\main.cpp(1408): warning C6001: Using uninitialized memory 'strcolor24'.
c:\users\daniel\desktop\imwindow\imwindowglfw\main.cpp(1407): warning C6054: String 'strcolor23' might not be zero-terminated.
c:\users\daniel\desktop\imwindow\imwindowglfw\main.cpp(1407): warning C6001: Using uninitialized memory 'strcolor23'.
c:\users\daniel\desktop\imwindow\imwindowglfw\main.cpp(1392): warning C6054: String 'strautopotkeybind' might not be zero-terminated.
c:\users\daniel\desktop\imwindow\imwindowglfw\main.cpp(1392): warning C6001: Using uninitialized memory 'strautopotkeybind'.
c:\users\daniel\desktop\imwindow\imwindowglfw\main.cpp(1395): warning C6054: String 'strautopotdelay' might not be zero-terminated.
c:\users\daniel\desktop\imwindow\imwindowglfw\main.cpp(1395): warning C6001: Using uninitialized memory 'strautopotdelay'.
c:\users\daniel\desktop\imwindow\imwindowglfw\main.cpp(1394): warning C6054: String 'strslotsword' might not be zero-terminated.
c:\users\daniel\desktop\imwindow\imwindowglfw\main.cpp(1394): warning C6001: Using uninitialized memory 'strslotsword'.
c:\users\daniel\desktop\imwindow\imwindowglfw\main.cpp(1390): warning C6054: String 'strrandomizationpercentageblockhit' might not be zero-terminated.
c:\users\daniel\desktop\imwindow\imwindowglfw\main.cpp(1390): warning C6001: Using uninitialized memory 'strrandomizationpercentageblockhit'.
c:\users\daniel\desktop\imwindow\imwindowglfw\main.cpp(1387): warning C6054: String 'strwtapdelaymin' might not be zero-terminated.
c:\users\daniel\desktop\imwindow\imwindowglfw\main.cpp(1387): warning C6001: Using uninitialized memory 'strwtapdelaymin'.
c:\users\daniel\desktop\imwindow\imwindowglfw\main.cpp(1386): warning C6054: String 'strtogglewtap' might not be zero-terminated.
c:\users\daniel\desktop\imwindow\imwindowglfw\main.cpp(1386): warning C6001: Using uninitialized memory 'strtogglewtap'.
c:\users\daniel\desktop\imwindow\imwindowglfw\main.cpp(1385): warning C6054: String 'strtogglesprint' might not be zero-terminated.
c:\users\daniel\desktop\imwindow\imwindowglfw\main.cpp(1385): warning C6001: Using uninitialized memory 'strtogglesprint'.
c:\users\daniel\desktop\imwindow\imwindowglfw\main.cpp(1384): warning C6054: String 'strinventoryonly' might not be zero-terminated.
c:\users\daniel\desktop\imwindow\imwindowglfw\main.cpp(1384): warning C6001: Using uninitialized memory 'strinventoryonly'.
c:\users\daniel\desktop\imwindow\imwindowglfw\main.cpp(1383): warning C6054: String 'strrightmouseligado' might not be zero-terminated.
c:\users\daniel\desktop\imwindow\imwindowglfw\main.cpp(1383): warning C6001: Using uninitialized memory 'strrightmouseligado'.
c:\users\daniel\desktop\imwindow\imwindowglfw\main.cpp(1381): warning C6054: String 'strwindowonly' might not be zero-terminated.
c:\users\daniel\desktop\imwindow\imwindowglfw\main.cpp(1381): warning C6001: Using uninitialized memory 'strwindowonly'.
c:\users\daniel\desktop\imwindow\imwindowglfw\main.cpp(1380): warning C6054: String 'strinventoryjitter' might not be zero-terminated.
c:\users\daniel\desktop\imwindow\imwindowglfw\main.cpp(1380): warning C6001: Using uninitialized memory 'strinventoryjitter'.
c:\users\daniel\desktop\imwindow\imwindowglfw\main.cpp(1375): warning C6054: String 'strslidernovo' might not be zero-terminated.
c:\users\daniel\desktop\imwindow\imwindowglfw\main.cpp(1375): warning C6001: Using uninitialized memory 'strslidernovo'.
c:\users\daniel\desktop\imwindow\imwindowglfw\main.cpp(1378): warning C6054: String 'strjitterclirk' might not be zero-terminated.
c:\users\daniel\desktop\imwindow\imwindowglfw\main.cpp(1378): warning C6001: Using uninitialized memory 'strjitterclirk'.
c:\users\daniel\desktop\imwindow\imwindowglfw\main.cpp(1379): warning C6054: String 'strjitterdelay' might not be zero-terminated.
c:\users\daniel\desktop\imwindow\imwindowglfw\main.cpp(1379): warning C6001: Using uninitialized memory 'strjitterdelay'.
c:\users\daniel\desktop\imwindow\imwindowglfw\main.cpp(1412): warning C6054: String 'strcolor34' might not be zero-terminated.
c:\users\daniel\desktop\imwindow\imwindowglfw\main.cpp(1412): warning C6001: Using uninitialized memory 'strcolor34'.
c:\users\daniel\desktop\imwindow\imwindowglfw\main.cpp(1377): warning C6054: String 'strjittertoggle' might not be zero-terminated.
c:\users\daniel\desktop\imwindow\imwindowglfw\main.cpp(1377): warning C6001: Using uninitialized memory 'strjittertoggle'.
c:\users\daniel\desktop\imwindow\imwindowglfw\main.cpp(1374): warning C6054: String 'strbeepsound' might not be zero-terminated.
c:\users\daniel\desktop\imwindow\imwindowglfw\main.cpp(1374): warning C6001: Using uninitialized memory 'strbeepsound'.
c:\users\daniel\desktop\imwindow\imwindowglfw\main.cpp(1369): warning C6054: String 'strrefreshdelay' might not be zero-terminated.
c:\users\daniel\desktop\imwindow\imwindowglfw\main.cpp(1369): warning C6001: Using uninitialized memory 'strrefreshdelay'.
c:\users\daniel\desktop\imwindow\imwindowglfw\main.cpp(1411): warning C6054: String 'strcolor33' might not be zero-terminated.
c:\users\daniel\desktop\imwindow\imwindowglfw\main.cpp(1411): warning C6001: Using uninitialized memory 'strcolor33'.
c:\users\daniel\desktop\imwindow\imwindowglfw\main.cpp(1404): warning C6054: String 'strcolor14' might not be zero-terminated.
c:\users\daniel\desktop\imwindow\imwindowglfw\main.cpp(1404): warning C6001: Using uninitialized memory 'strcolor14'.
c:\users\daniel\desktop\imwindow\imwindowglfw\main.cpp(1370): warning C6054: String 'strfilterslots' might not be zero-terminated.
c:\users\daniel\desktop\imwindow\imwindowglfw\main.cpp(1370): warning C6001: Using uninitialized memory 'strfilterslots'.
c:\users\daniel\desktop\imwindow\imwindowglfw\main.cpp(1405): warning C6054: String 'strcolor21' might not be zero-terminated.
c:\users\daniel\desktop\imwindow\imwindowglfw\main.cpp(1405): warning C6001: Using uninitialized memory 'strcolor21'.
c:\users\daniel\desktop\imwindow\imwindowglfw\main.cpp(1367): warning C6054: String 'strrandomize' might not be zero-terminated.
c:\users\daniel\desktop\imwindow\imwindowglfw\main.cpp(1367): warning C6001: Using uninitialized memory 'strrandomize'.
c:\users\daniel\desktop\imwindow\imwindowglfw\main.cpp(1397): warning C6054: String 'strslotmax' might not be zero-terminated.
c:\users\daniel\desktop\imwindow\imwindowglfw\main.cpp(1397): warning C6001: Using uninitialized memory 'strslotmax'.
c:\users\daniel\desktop\imwindow\imwindowglfw\main.cpp(1410): warning C6054: String 'strcolor32' might not be zero-terminated.
c:\users\daniel\desktop\imwindow\imwindowglfw\main.cpp(1410): warning C6001: Using uninitialized memory 'strcolor32'.
c:\users\daniel\desktop\imwindow\imwindowglfw\main.cpp(1365): warning C6054: String 'strnigga1' might not be zero-terminated.
c:\users\daniel\desktop\imwindow\imwindowglfw\main.cpp(1365): warning C6001: Using uninitialized memory 'strnigga1'.
c:\users\daniel\desktop\imwindow\imwindowglfw\main.cpp(1368): warning C6054: String 'strclickerkeybind' might not be zero-terminated.
c:\users\daniel\desktop\imwindow\imwindowglfw\main.cpp(1368): warning C6001: Using uninitialized memory 'strclickerkeybind'.
c:\users\daniel\desktop\imwindow\imwindowglfw\main.cpp(1373): warning C6054: String 'strselectedsound' might not be zero-terminated.
c:\users\daniel\desktop\imwindow\imwindowglfw\main.cpp(1373): warning C6001: Using uninitialized memory 'strselectedsound'.
c:\users\daniel\desktop\imwindow\imwindowglfw\main.cpp(1371): warning C6054: String 'strtextslot' might not be zero-terminated.
c:\users\daniel\desktop\imwindow\imwindowglfw\main.cpp(1371): warning C6001: Using uninitialized memory 'strtextslot'.
c:\users\daniel\desktop\imwindow\imwindowglfw\main.cpp(1372): warning C6054: String 'strsoundstoggle' might not be zero-terminated.
c:\users\daniel\desktop\imwindow\imwindowglfw\main.cpp(1372): warning C6001: Using uninitialized memory 'strsoundstoggle'.
c:\users\daniel\desktop\imwindow\imwindowglfw\main.cpp(1366): warning C6054: String 'strnigga2' might not be zero-terminated.
c:\users\daniel\desktop\imwindow\imwindowglfw\main.cpp(1366): warning C6001: Using uninitialized memory 'strnigga2'.
c:\users\daniel\desktop\imwindow\imwindowglfw\main.cpp(1364): warning C6054: String 'strligado' might not be zero-terminated.
c:\users\daniel\desktop\imwindow\imwindowglfw\main.cpp(1364): warning C6001: Using uninitialized memory 'strligado'.
c:\users\daniel\desktop\imwindow\imwindowglfw\main.cpp(1951): warning C26495: Variable 'MyImwWindow2::temppass' is uninitialized. Always initialize a member variable (type.6).
c:\users\daniel\desktop\imwindow\imwindowglfw\main.cpp(3009): warning C6200: Index '8' is out of valid index range '0' to '7' for non-stack buffer 'bool * newslots'.
