c:\users\daniel\desktop\monkeyclickerv2-master\.build\vs2017\x64\release\imwindowglfw\imgui_impl_glfw.obj
c:\users\daniel\desktop\monkeyclickerv2-master\.build\vs2017\x64\release\imwindowglfw\imgui_widgets.obj
c:\users\daniel\desktop\monkeyclickerv2-master\.build\vs2017\x64\release\imwindowglfw\imgui.obj
c:\users\daniel\desktop\monkeyclickerv2-master\.build\vs2017\x64\release\imwindowglfw\imgui_impl_opengl2.obj
c:\users\daniel\desktop\monkeyclickerv2-master\.build\vs2017\x64\release\imwindowglfw\imgui_draw.obj
c:\users\daniel\desktop\monkeyclickerv2-master\.build\vs2017\x64\release\imwindowglfw\imgui_demo.obj
c:\users\daniel\desktop\monkeyclickerv2-master\.build\vs2017\x64\release\imwindowglfw\main.obj
c:\users\daniel\desktop\monkeyclickerv2-master\output\imwindowglfw_x64.exe
c:\users\daniel\desktop\monkeyclickerv2-master\output\imwindowglfw_x64.map
c:\users\daniel\desktop\monkeyclickerv2-master\.projects\vs2017\..\..\.build\vs2017\x64\release\imwindowglfw\vcpkg.applocal.log
c:\users\daniel\desktop\monkeyclickerv2-master\output\libcurl.dll
c:\users\daniel\desktop\monkeyclickerv2-master\output\zlib1.dll
c:\users\daniel\desktop\monkeyclickerv2-master\output\glfw3.dll
c:\users\daniel\desktop\monkeyclickerv2-master\.build\vs2017\x64\release\imwindowglfw\imwindowglfw.res
c:\users\daniel\desktop\monkeyclickerv2-master\.projects\vs2017\..\..\output\imwindowglfw_x64.exe
c:\users\daniel\desktop\monkeyclickerv2-master\.build\vs2017\x64\release\imwindowglfw\monkeyclicador.tlog\cl.command.1.tlog
c:\users\daniel\desktop\monkeyclickerv2-master\.build\vs2017\x64\release\imwindowglfw\monkeyclicador.tlog\cl.read.1.tlog
c:\users\daniel\desktop\monkeyclickerv2-master\.build\vs2017\x64\release\imwindowglfw\monkeyclicador.tlog\cl.write.1.tlog
c:\users\daniel\desktop\monkeyclickerv2-master\.build\vs2017\x64\release\imwindowglfw\monkeyclicador.tlog\link.command.1.tlog
c:\users\daniel\desktop\monkeyclickerv2-master\.build\vs2017\x64\release\imwindowglfw\monkeyclicador.tlog\link.read.1.tlog
c:\users\daniel\desktop\monkeyclickerv2-master\.build\vs2017\x64\release\imwindowglfw\monkeyclicador.tlog\link.write.1.tlog
c:\users\daniel\desktop\monkeyclickerv2-master\.build\vs2017\x64\release\imwindowglfw\monkeyclicador.tlog\monkeyclicador.write.1u.tlog
c:\users\daniel\desktop\monkeyclickerv2-master\.build\vs2017\x64\release\imwindowglfw\monkeyclicador.tlog\rc.command.1.tlog
c:\users\daniel\desktop\monkeyclickerv2-master\.build\vs2017\x64\release\imwindowglfw\monkeyclicador.tlog\rc.read.1.tlog
c:\users\daniel\desktop\monkeyclickerv2-master\.build\vs2017\x64\release\imwindowglfw\monkeyclicador.tlog\rc.write.1.tlog
