  imgui.cpp
  imgui_draw.cpp
  ImwContainer.cpp
  ImwMenu.cpp
c:\users\daniel\desktop\imwindow\imwindow\imwcontainer.cpp(643): warning C4189: 'fOffsetY': local variable is initialized but not referenced
c:\users\daniel\desktop\imwindow\imwindow\imwcontainer.cpp(642): warning C4189: 'fOffsetX': local variable is initialized but not referenced
c:\users\daniel\desktop\imwindow\imwindow\imwcontainer.cpp(825): warning C4100: 'fMaxSize': unreferenced formal parameter
c:\users\daniel\desktop\imwindow\imwindow\imwcontainer.cpp(825): warning C4100: 'fEndLinePos': unreferenced formal parameter
c:\users\daniel\desktop\imwindow\imwindow\imwcontainer.cpp(825): warning C4100: 'fStartLinePos': unreferenced formal parameter
c:\users\daniel\desktop\imwindow\imwindow\imwcontainer.cpp(825): warning C4100: 'bFocused': unreferenced formal parameter
  ImwPlatformWindow.cpp
  ImwStatusBar.cpp
  ImwToolBar.cpp
  ImwWindow.cpp
  ImwWindowManager.cpp
  JsonValue.cpp
c:\users\daniel\desktop\imwindow\imwindow\imwwindow.cpp(91): warning C4996: 'strcpy': This function or variable may be unsafe. Consider using strcpy_s instead. To disable deprecation, use _CRT_SECURE_NO_WARNINGS. See online help for details.
  c:\program files (x86)\windows kits\10\include\10.0.17134.0\ucrt\string.h(133): note: see declaration of 'strcpy'
c:\users\daniel\desktop\imwindow\imwindow\jsonvalue.cpp(258): warning C4996: 'sprintf': This function or variable may be unsafe. Consider using sprintf_s instead. To disable deprecation, use _CRT_SECURE_NO_WARNINGS. See online help for details.
  c:\program files (x86)\windows kits\10\include\10.0.17134.0\ucrt\stdio.h(1774): note: see declaration of 'sprintf'
c:\users\daniel\desktop\imwindow\imwindow\jsonvalue.cpp(264): warning C4996: 'sprintf': This function or variable may be unsafe. Consider using sprintf_s instead. To disable deprecation, use _CRT_SECURE_NO_WARNINGS. See online help for details.
  c:\program files (x86)\windows kits\10\include\10.0.17134.0\ucrt\stdio.h(1774): note: see declaration of 'sprintf'
c:\users\daniel\desktop\imwindow\imwindow\jsonvalue.cpp(339): warning C4996: 'fopen': This function or variable may be unsafe. Consider using fopen_s instead. To disable deprecation, use _CRT_SECURE_NO_WARNINGS. See online help for details.
  c:\program files (x86)\windows kits\10\include\10.0.17134.0\ucrt\stdio.h(208): note: see declaration of 'fopen'
c:\users\daniel\desktop\imwindow\imwindow\jsonvalue.cpp(1018): warning C4996: 'fopen': This function or variable may be unsafe. Consider using fopen_s instead. To disable deprecation, use _CRT_SECURE_NO_WARNINGS. See online help for details.
  c:\program files (x86)\windows kits\10\include\10.0.17134.0\ucrt\stdio.h(208): note: see declaration of 'fopen'
c:\users\daniel\desktop\imwindow\imwindow\imwwindowmanager.cpp(214): warning C4996: 'strcpy': This function or variable may be unsafe. Consider using strcpy_s instead. To disable deprecation, use _CRT_SECURE_NO_WARNINGS. See online help for details.
  c:\program files (x86)\windows kits\10\include\10.0.17134.0\ucrt\string.h(133): note: see declaration of 'strcpy'
c:\users\daniel\desktop\imwindow\imwindow\imwwindowmanager.cpp(380): warning C4996: 'fopen': This function or variable may be unsafe. Consider using fopen_s instead. To disable deprecation, use _CRT_SECURE_NO_WARNINGS. See online help for details.
  c:\program files (x86)\windows kits\10\include\10.0.17134.0\ucrt\stdio.h(208): note: see declaration of 'fopen'
c:\users\daniel\desktop\imwindow\imwindow\imwwindowmanager.cpp(451): warning C4996: 'fopen': This function or variable may be unsafe. Consider using fopen_s instead. To disable deprecation, use _CRT_SECURE_NO_WARNINGS. See online help for details.
  c:\program files (x86)\windows kits\10\include\10.0.17134.0\ucrt\stdio.h(208): note: see declaration of 'fopen'
  ImWindow.vcxproj -> C:\Users\Daniel\Desktop\ImWindow\.projects\vs2017\..\..\Output\ImWindow_x64.lib
