c:\users\daniel\desktop\imwindow\.build\vs2017\x32\release\imwindow\imwplatformwindow.obj
c:\users\daniel\desktop\imwindow\.build\vs2017\x32\release\imwindow\imwwindowmanager.obj
c:\users\daniel\desktop\imwindow\.build\vs2017\x32\release\imwindow\imwcontainer.obj
c:\users\daniel\desktop\imwindow\.build\vs2017\x32\release\imwindow\jsonvalue.obj
c:\users\daniel\desktop\imwindow\.build\vs2017\x32\release\imwindow\imwstatusbar.obj
c:\users\daniel\desktop\imwindow\.build\vs2017\x32\release\imwindow\imwwindow.obj
c:\users\daniel\desktop\imwindow\.build\vs2017\x32\release\imwindow\imgui_draw.obj
c:\users\daniel\desktop\imwindow\.build\vs2017\x32\release\imwindow\imwmenu.obj
c:\users\daniel\desktop\imwindow\.build\vs2017\x32\release\imwindow\imwtoolbar.obj
c:\users\daniel\desktop\imwindow\.build\vs2017\x32\release\imwindow\imgui.obj
c:\users\daniel\desktop\imwindow\output\imwindow.lib
c:\users\daniel\desktop\imwindow\.build\vs2017\x32\release\imwindow\nativecodeanalysis.read.1.tlog
c:\users\daniel\desktop\imwindow\.build\vs2017\x32\release\imwindow\imgui.nativecodeanalysis.xml
c:\users\daniel\desktop\imwindow\.build\vs2017\x32\release\imwindow\imgui_draw.nativecodeanalysis.xml
c:\users\daniel\desktop\imwindow\.build\vs2017\x32\release\imwindow\imwcontainer.nativecodeanalysis.xml
c:\users\daniel\desktop\imwindow\.build\vs2017\x32\release\imwindow\imwmenu.nativecodeanalysis.xml
c:\users\daniel\desktop\imwindow\.build\vs2017\x32\release\imwindow\imwplatformwindow.nativecodeanalysis.xml
c:\users\daniel\desktop\imwindow\.build\vs2017\x32\release\imwindow\imwstatusbar.nativecodeanalysis.xml
c:\users\daniel\desktop\imwindow\.build\vs2017\x32\release\imwindow\imwtoolbar.nativecodeanalysis.xml
c:\users\daniel\desktop\imwindow\.build\vs2017\x32\release\imwindow\imwwindow.nativecodeanalysis.xml
c:\users\daniel\desktop\imwindow\.build\vs2017\x32\release\imwindow\imwwindowmanager.nativecodeanalysis.xml
c:\users\daniel\desktop\imwindow\.build\vs2017\x32\release\imwindow\jsonvalue.nativecodeanalysis.xml
c:\users\daniel\desktop\imwindow\.build\vs2017\x32\release\imwindow\vc.nativecodeanalysis.all.xml
c:\users\daniel\desktop\imwindow\.projects\vs2017\..\..\output\imwindow.lib
c:\users\daniel\desktop\imwindow\.build\vs2017\x32\release\imwindow\imwindow.tlog\cl.1400.write.1.tlog
c:\users\daniel\desktop\imwindow\.build\vs2017\x32\release\imwindow\imwindow.tlog\cl.command.1.tlog
c:\users\daniel\desktop\imwindow\.build\vs2017\x32\release\imwindow\imwindow.tlog\cl.read.1.tlog
c:\users\daniel\desktop\imwindow\.build\vs2017\x32\release\imwindow\imwindow.tlog\lib-link.read.1.tlog
c:\users\daniel\desktop\imwindow\.build\vs2017\x32\release\imwindow\imwindow.tlog\lib-link.write.1.tlog
c:\users\daniel\desktop\imwindow\.build\vs2017\x32\release\imwindow\imwindow.tlog\lib.command.1.tlog
