  ImwContainer.cpp
  ImwMenu.cpp
  ImwPlatformWindow.cpp
  ImwStatusBar.cpp
C:\Users\Daniel\Desktop\ImWindow\ImWindow\ImwContainer.cpp(643): warning C4189: 'fOffsetY': local variable is initialized but not referenced
C:\Users\Daniel\Desktop\ImWindow\ImWindow\ImwContainer.cpp(642): warning C4189: 'fOffsetX': local variable is initialized but not referenced
C:\Users\Daniel\Desktop\ImWindow\ImWindow\ImwContainer.cpp(825): warning C4100: 'fMaxSize': unreferenced formal parameter
C:\Users\Daniel\Desktop\ImWindow\ImWindow\ImwContainer.cpp(825): warning C4100: 'fEndLinePos': unreferenced formal parameter
C:\Users\Daniel\Desktop\ImWindow\ImWindow\ImwContainer.cpp(825): warning C4100: 'fStartLinePos': unreferenced formal parameter
C:\Users\Daniel\Desktop\ImWindow\ImWindow\ImwContainer.cpp(825): warning C4100: 'bFocused': unreferenced formal parameter
  ImwToolBar.cpp
  ImwWindow.cpp
  ImwWindowManager.cpp
  JsonValue.cpp
  imgui.cpp
C:\Users\Daniel\Desktop\ImWindow\ImWindow\ImwWindow.cpp(91): warning C4996: 'strcpy': This function or variable may be unsafe. Consider using strcpy_s instead. To disable deprecation, use _CRT_SECURE_NO_WARNINGS. See online help for details.
  C:\Program Files (x86)\Windows Kits\10\Include\10.0.17763.0\ucrt\string.h(133): note: see declaration of 'strcpy'
  imgui_draw.cpp
C:\Users\Daniel\Desktop\ImWindow\ImWindow\ImwWindowManager.cpp(214): warning C4996: 'strcpy': This function or variable may be unsafe. Consider using strcpy_s instead. To disable deprecation, use _CRT_SECURE_NO_WARNINGS. See online help for details.
  C:\Program Files (x86)\Windows Kits\10\Include\10.0.17763.0\ucrt\string.h(133): note: see declaration of 'strcpy'
C:\Users\Daniel\Desktop\ImWindow\ImWindow\ImwWindowManager.cpp(380): warning C4996: 'fopen': This function or variable may be unsafe. Consider using fopen_s instead. To disable deprecation, use _CRT_SECURE_NO_WARNINGS. See online help for details.
  C:\Program Files (x86)\Windows Kits\10\Include\10.0.17763.0\ucrt\stdio.h(208): note: see declaration of 'fopen'
C:\Users\Daniel\Desktop\ImWindow\ImWindow\ImwWindowManager.cpp(451): warning C4996: 'fopen': This function or variable may be unsafe. Consider using fopen_s instead. To disable deprecation, use _CRT_SECURE_NO_WARNINGS. See online help for details.
  C:\Program Files (x86)\Windows Kits\10\Include\10.0.17763.0\ucrt\stdio.h(208): note: see declaration of 'fopen'
C:\Users\Daniel\Desktop\ImWindow\ImWindow\JsonValue.cpp(258): warning C4996: 'sprintf': This function or variable may be unsafe. Consider using sprintf_s instead. To disable deprecation, use _CRT_SECURE_NO_WARNINGS. See online help for details.
  C:\Program Files (x86)\Windows Kits\10\Include\10.0.17763.0\ucrt\stdio.h(1774): note: see declaration of 'sprintf'
C:\Users\Daniel\Desktop\ImWindow\ImWindow\JsonValue.cpp(264): warning C4996: 'sprintf': This function or variable may be unsafe. Consider using sprintf_s instead. To disable deprecation, use _CRT_SECURE_NO_WARNINGS. See online help for details.
  C:\Program Files (x86)\Windows Kits\10\Include\10.0.17763.0\ucrt\stdio.h(1774): note: see declaration of 'sprintf'
C:\Users\Daniel\Desktop\ImWindow\ImWindow\JsonValue.cpp(339): warning C4996: 'fopen': This function or variable may be unsafe. Consider using fopen_s instead. To disable deprecation, use _CRT_SECURE_NO_WARNINGS. See online help for details.
  C:\Program Files (x86)\Windows Kits\10\Include\10.0.17763.0\ucrt\stdio.h(208): note: see declaration of 'fopen'
C:\Users\Daniel\Desktop\ImWindow\ImWindow\JsonValue.cpp(1018): warning C4996: 'fopen': This function or variable may be unsafe. Consider using fopen_s instead. To disable deprecation, use _CRT_SECURE_NO_WARNINGS. See online help for details.
  C:\Program Files (x86)\Windows Kits\10\Include\10.0.17763.0\ucrt\stdio.h(208): note: see declaration of 'fopen'
C:\Users\Daniel\Desktop\ImWindow\Externals\imgui\imgui_draw.cpp(1200): warning C4100: 'font_cfg_template': unreferenced formal parameter
C:\Users\Daniel\Desktop\ImWindow\Externals\imgui\imgui.cpp(9412): warning C4244: 'argument': conversion from 'double' to 'float', possible loss of data
C:\Users\Daniel\Desktop\ImWindow\Externals\imgui\imgui.cpp(9444): warning C4700: uninitialized local variable 'widget_used' used
  ImWindow.vcxproj -> C:\Users\Daniel\Desktop\ImWindow\.projects\vs2017\..\..\Output\ImWindow.lib
