  altsvc.c
  amigaos.c
  asyn-ares.c
  asyn-thread.c
  base64.c
  conncache.c
  connect.c
  content_encoding.c
  cookie.c
  curl_addrinfo.c
  curl_ctype.c
  curl_des.c
  curl_endian.c
  curl_fnmatch.c
  curl_gethostname.c
  curl_get_line.c
  curl_gssapi.c
  curl_memrchr.c
  curl_multibyte.c
  curl_ntlm_core.c
  Generating Code...
  Compiling...
  curl_ntlm_wb.c
  curl_path.c
  curl_range.c
  curl_rtmp.c
  curl_sasl.c
  curl_sspi.c
  curl_threads.c
  dict.c
  doh.c
  dotdot.c
  easy.c
  escape.c
  file.c
  fileinfo.c
  formdata.c
  ftp.c
  ftplistparser.c
  getenv.c
  getinfo.c
  gopher.c
  Generating Code...
  Compiling...
  hash.c
  hmac.c
  hostasyn.c
  hostcheck.c
  hostip.c
  hostip4.c
  hostip6.c
  hostsyn.c
  http.c
  http2.c
  http_chunks.c
  http_digest.c
  http_negotiate.c
  http_ntlm.c
  http_proxy.c
  idn_win32.c
  if2ip.c
  imap.c
  inet_ntop.c
  inet_pton.c
  Generating Code...
  Compiling...
  krb5.c
  ldap.c
  llist.c
  md4.c
  md5.c
  memdebug.c
  mime.c
  mprintf.c
  multi.c
  netrc.c
  non-ascii.c
  nonblock.c
  nwlib.c
  nwos.c
  openldap.c
  parsedate.c
  pingpong.c
  pop3.c
  progress.c
  psl.c
  Generating Code...
  Compiling...
  rand.c
  rtsp.c
  security.c
  select.c
  sendf.c
  setopt.c
  sha256.c
  share.c
  slist.c
  smb.c
  smtp.c
  socketpair.c
  socks.c
  socks_gssapi.c
  socks_sspi.c
  speedcheck.c
  splay.c
  strcase.c
  strdup.c
  strerror.c
  Generating Code...
  Compiling...
  strtok.c
  strtoofft.c
  system_win32.c
  telnet.c
  tftp.c
  timeval.c
  transfer.c
  url.c
  urlapi.c
  version.c
  warnless.c
  wildcard.c
  x509asn1.c
  cleartext.c
  cram.c
  digest.c
  digest_sspi.c
  krb5_gssapi.c
  krb5_sspi.c
  ntlm.c
  Generating Code...
  Compiling...
  ntlm_sspi.c
  oauth2.c
  spnego_gssapi.c
  spnego_sspi.c
  vauth.c
  ngtcp2.c
  quiche.c
  libssh.c
  libssh2.c
  wolfssh.c
  bearssl.c
  gskit.c
  gtls.c
  mbedtls.c
  mbedtls_threadlock.c
  mesalink.c
  nss.c
  openssl.c
  schannel.c
  schannel_verify.c
  Generating Code...
  Compiling...
  sectransp.c
  vtls.c
  wolfssl.c
  Generating Code...
  libcurl.vcxproj -> C:\Users\Daniel\Desktop\curl-master\projects\Windows\VC15\lib\..\..\..\..\build\Win32\VC15\LIB Release\libcurl.lib
