  ImwPlatformWindowEasyWindow.cpp
  ImwWindowManagerEasyWindow.cpp
  ImwPlatformWindowSokol.cpp
  ImwWindowManagerSokol.cpp
c:\users\daniel\desktop\imwindow\externals\directx\include\dxgitype.h(12): warning C4005: 'DXGI_STATUS_OCCLUDED': macro redefinition (compiling source file ..\..\ImWindowSokol\ImwPlatformWindowSokol.cpp)
  c:\program files (x86)\windows kits\10\include\10.0.17134.0\shared\winerror.h(54723): note: see previous definition of 'DXGI_STATUS_OCCLUDED' (compiling source file ..\..\ImWindowSokol\ImwPlatformWindowSokol.cpp)
c:\users\daniel\desktop\imwindow\externals\directx\include\dxgitype.h(13): warning C4005: 'DXGI_STATUS_CLIPPED': macro redefinition (compiling source file ..\..\ImWindowSokol\ImwPlatformWindowSokol.cpp)
  c:\program files (x86)\windows kits\10\include\10.0.17134.0\shared\winerror.h(54732): note: see previous definition of 'DXGI_STATUS_CLIPPED' (compiling source file ..\..\ImWindowSokol\ImwPlatformWindowSokol.cpp)
c:\users\daniel\desktop\imwindow\externals\directx\include\dxgitype.h(14): warning C4005: 'DXGI_STATUS_NO_REDIRECTION': macro redefinition (compiling source file ..\..\ImWindowSokol\ImwPlatformWindowSokol.cpp)
  c:\program files (x86)\windows kits\10\include\10.0.17134.0\shared\winerror.h(54741): note: see previous definition of 'DXGI_STATUS_NO_REDIRECTION' (compiling source file ..\..\ImWindowSokol\ImwPlatformWindowSokol.cpp)
c:\users\daniel\desktop\imwindow\externals\directx\include\dxgitype.h(15): warning C4005: 'DXGI_STATUS_NO_DESKTOP_ACCESS': macro redefinition (compiling source file ..\..\ImWindowSokol\ImwPlatformWindowSokol.cpp)
  c:\program files (x86)\windows kits\10\include\10.0.17134.0\shared\winerror.h(54750): note: see previous definition of 'DXGI_STATUS_NO_DESKTOP_ACCESS' (compiling source file ..\..\ImWindowSokol\ImwPlatformWindowSokol.cpp)
c:\users\daniel\desktop\imwindow\externals\directx\include\dxgitype.h(16): warning C4005: 'DXGI_STATUS_GRAPHICS_VIDPN_SOURCE_IN_USE': macro redefinition (compiling source file ..\..\ImWindowSokol\ImwPlatformWindowSokol.cpp)
  c:\program files (x86)\windows kits\10\include\10.0.17134.0\shared\winerror.h(54759): note: see previous definition of 'DXGI_STATUS_GRAPHICS_VIDPN_SOURCE_IN_USE' (compiling source file ..\..\ImWindowSokol\ImwPlatformWindowSokol.cpp)
c:\users\daniel\desktop\imwindow\externals\directx\include\dxgitype.h(17): warning C4005: 'DXGI_STATUS_MODE_CHANGED': macro redefinition (compiling source file ..\..\ImWindowSokol\ImwPlatformWindowSokol.cpp)
  c:\program files (x86)\windows kits\10\include\10.0.17134.0\shared\winerror.h(54768): note: see previous definition of 'DXGI_STATUS_MODE_CHANGED' (compiling source file ..\..\ImWindowSokol\ImwPlatformWindowSokol.cpp)
c:\users\daniel\desktop\imwindow\externals\directx\include\dxgitype.h(18): warning C4005: 'DXGI_STATUS_MODE_CHANGE_IN_PROGRESS': macro redefinition (compiling source file ..\..\ImWindowSokol\ImwPlatformWindowSokol.cpp)
  c:\program files (x86)\windows kits\10\include\10.0.17134.0\shared\winerror.h(54777): note: see previous definition of 'DXGI_STATUS_MODE_CHANGE_IN_PROGRESS' (compiling source file ..\..\ImWindowSokol\ImwPlatformWindowSokol.cpp)
c:\users\daniel\desktop\imwindow\externals\directx\include\dxgitype.h(21): warning C4005: 'DXGI_ERROR_INVALID_CALL': macro redefinition (compiling source file ..\..\ImWindowSokol\ImwPlatformWindowSokol.cpp)
  c:\program files (x86)\windows kits\10\include\10.0.17134.0\shared\winerror.h(54792): note: see previous definition of 'DXGI_ERROR_INVALID_CALL' (compiling source file ..\..\ImWindowSokol\ImwPlatformWindowSokol.cpp)
c:\users\daniel\desktop\imwindow\externals\directx\include\dxgitype.h(22): warning C4005: 'DXGI_ERROR_NOT_FOUND': macro redefinition (compiling source file ..\..\ImWindowSokol\ImwPlatformWindowSokol.cpp)
  c:\program files (x86)\windows kits\10\include\10.0.17134.0\shared\winerror.h(54801): note: see previous definition of 'DXGI_ERROR_NOT_FOUND' (compiling source file ..\..\ImWindowSokol\ImwPlatformWindowSokol.cpp)
c:\users\daniel\desktop\imwindow\externals\directx\include\dxgitype.h(23): warning C4005: 'DXGI_ERROR_MORE_DATA': macro redefinition (compiling source file ..\..\ImWindowSokol\ImwPlatformWindowSokol.cpp)
  c:\program files (x86)\windows kits\10\include\10.0.17134.0\shared\winerror.h(54810): note: see previous definition of 'DXGI_ERROR_MORE_DATA' (compiling source file ..\..\ImWindowSokol\ImwPlatformWindowSokol.cpp)
c:\users\daniel\desktop\imwindow\externals\directx\include\dxgitype.h(24): warning C4005: 'DXGI_ERROR_UNSUPPORTED': macro redefinition (compiling source file ..\..\ImWindowSokol\ImwPlatformWindowSokol.cpp)
  c:\program files (x86)\windows kits\10\include\10.0.17134.0\shared\winerror.h(54819): note: see previous definition of 'DXGI_ERROR_UNSUPPORTED' (compiling source file ..\..\ImWindowSokol\ImwPlatformWindowSokol.cpp)
c:\users\daniel\desktop\imwindow\externals\directx\include\dxgitype.h(25): warning C4005: 'DXGI_ERROR_DEVICE_REMOVED': macro redefinition (compiling source file ..\..\ImWindowSokol\ImwPlatformWindowSokol.cpp)
  c:\program files (x86)\windows kits\10\include\10.0.17134.0\shared\winerror.h(54828): note: see previous definition of 'DXGI_ERROR_DEVICE_REMOVED' (compiling source file ..\..\ImWindowSokol\ImwPlatformWindowSokol.cpp)
c:\users\daniel\desktop\imwindow\externals\directx\include\dxgitype.h(26): warning C4005: 'DXGI_ERROR_DEVICE_HUNG': macro redefinition (compiling source file ..\..\ImWindowSokol\ImwPlatformWindowSokol.cpp)
  c:\program files (x86)\windows kits\10\include\10.0.17134.0\shared\winerror.h(54837): note: see previous definition of 'DXGI_ERROR_DEVICE_HUNG' (compiling source file ..\..\ImWindowSokol\ImwPlatformWindowSokol.cpp)
c:\users\daniel\desktop\imwindow\externals\directx\include\dxgitype.h(27): warning C4005: 'DXGI_ERROR_DEVICE_RESET': macro redefinition (compiling source file ..\..\ImWindowSokol\ImwPlatformWindowSokol.cpp)
  c:\program files (x86)\windows kits\10\include\10.0.17134.0\shared\winerror.h(54847): note: see previous definition of 'DXGI_ERROR_DEVICE_RESET' (compiling source file ..\..\ImWindowSokol\ImwPlatformWindowSokol.cpp)
c:\users\daniel\desktop\imwindow\externals\directx\include\dxgitype.h(28): warning C4005: 'DXGI_ERROR_WAS_STILL_DRAWING': macro redefinition (compiling source file ..\..\ImWindowSokol\ImwPlatformWindowSokol.cpp)
  c:\program files (x86)\windows kits\10\include\10.0.17134.0\shared\winerror.h(54856): note: see previous definition of 'DXGI_ERROR_WAS_STILL_DRAWING' (compiling source file ..\..\ImWindowSokol\ImwPlatformWindowSokol.cpp)
c:\users\daniel\desktop\imwindow\externals\directx\include\dxgitype.h(29): warning C4005: 'DXGI_ERROR_FRAME_STATISTICS_DISJOINT': macro redefinition (compiling source file ..\..\ImWindowSokol\ImwPlatformWindowSokol.cpp)
  c:\program files (x86)\windows kits\10\include\10.0.17134.0\shared\winerror.h(54866): note: see previous definition of 'DXGI_ERROR_FRAME_STATISTICS_DISJOINT' (compiling source file ..\..\ImWindowSokol\ImwPlatformWindowSokol.cpp)
c:\users\daniel\desktop\imwindow\externals\directx\include\dxgitype.h(30): warning C4005: 'DXGI_ERROR_GRAPHICS_VIDPN_SOURCE_IN_USE': macro redefinition (compiling source file ..\..\ImWindowSokol\ImwPlatformWindowSokol.cpp)
  c:\program files (x86)\windows kits\10\include\10.0.17134.0\shared\winerror.h(54875): note: see previous definition of 'DXGI_ERROR_GRAPHICS_VIDPN_SOURCE_IN_USE' (compiling source file ..\..\ImWindowSokol\ImwPlatformWindowSokol.cpp)
c:\users\daniel\desktop\imwindow\externals\directx\include\dxgitype.h(31): warning C4005: 'DXGI_ERROR_DRIVER_INTERNAL_ERROR': macro redefinition (compiling source file ..\..\ImWindowSokol\ImwPlatformWindowSokol.cpp)
  c:\program files (x86)\windows kits\10\include\10.0.17134.0\shared\winerror.h(54885): note: see previous definition of 'DXGI_ERROR_DRIVER_INTERNAL_ERROR' (compiling source file ..\..\ImWindowSokol\ImwPlatformWindowSokol.cpp)
c:\users\daniel\desktop\imwindow\externals\directx\include\dxgitype.h(32): warning C4005: 'DXGI_ERROR_NONEXCLUSIVE': macro redefinition (compiling source file ..\..\ImWindowSokol\ImwPlatformWindowSokol.cpp)
  c:\program files (x86)\windows kits\10\include\10.0.17134.0\shared\winerror.h(54894): note: see previous definition of 'DXGI_ERROR_NONEXCLUSIVE' (compiling source file ..\..\ImWindowSokol\ImwPlatformWindowSokol.cpp)
c:\users\daniel\desktop\imwindow\externals\directx\include\dxgitype.h(33): warning C4005: 'DXGI_ERROR_NOT_CURRENTLY_AVAILABLE': macro redefinition (compiling source file ..\..\ImWindowSokol\ImwPlatformWindowSokol.cpp)
  c:\program files (x86)\windows kits\10\include\10.0.17134.0\shared\winerror.h(54903): note: see previous definition of 'DXGI_ERROR_NOT_CURRENTLY_AVAILABLE' (compiling source file ..\..\ImWindowSokol\ImwPlatformWindowSokol.cpp)
c:\users\daniel\desktop\imwindow\externals\directx\include\dxgitype.h(34): warning C4005: 'DXGI_ERROR_REMOTE_CLIENT_DISCONNECTED': macro redefinition (compiling source file ..\..\ImWindowSokol\ImwPlatformWindowSokol.cpp)
  c:\program files (x86)\windows kits\10\include\10.0.17134.0\shared\winerror.h(54913): note: see previous definition of 'DXGI_ERROR_REMOTE_CLIENT_DISCONNECTED' (compiling source file ..\..\ImWindowSokol\ImwPlatformWindowSokol.cpp)
c:\users\daniel\desktop\imwindow\externals\directx\include\dxgitype.h(35): warning C4005: 'DXGI_ERROR_REMOTE_OUTOFMEMORY': macro redefinition (compiling source file ..\..\ImWindowSokol\ImwPlatformWindowSokol.cpp)
  c:\program files (x86)\windows kits\10\include\10.0.17134.0\shared\winerror.h(54922): note: see previous definition of 'DXGI_ERROR_REMOTE_OUTOFMEMORY' (compiling source file ..\..\ImWindowSokol\ImwPlatformWindowSokol.cpp)
c:\users\daniel\desktop\imwindow\externals\directx\include\d3d11.h(917): warning C4005: 'D3D11_ERROR_TOO_MANY_UNIQUE_STATE_OBJECTS': macro redefinition (compiling source file ..\..\ImWindowSokol\ImwPlatformWindowSokol.cpp)
  c:\program files (x86)\windows kits\10\include\10.0.17134.0\shared\winerror.h(55186): note: see previous definition of 'D3D11_ERROR_TOO_MANY_UNIQUE_STATE_OBJECTS' (compiling source file ..\..\ImWindowSokol\ImwPlatformWindowSokol.cpp)
c:\users\daniel\desktop\imwindow\externals\directx\include\d3d11.h(918): warning C4005: 'D3D11_ERROR_FILE_NOT_FOUND': macro redefinition (compiling source file ..\..\ImWindowSokol\ImwPlatformWindowSokol.cpp)
  c:\program files (x86)\windows kits\10\include\10.0.17134.0\shared\winerror.h(55195): note: see previous definition of 'D3D11_ERROR_FILE_NOT_FOUND' (compiling source file ..\..\ImWindowSokol\ImwPlatformWindowSokol.cpp)
c:\users\daniel\desktop\imwindow\externals\directx\include\d3d11.h(919): warning C4005: 'D3D11_ERROR_TOO_MANY_UNIQUE_VIEW_OBJECTS': macro redefinition (compiling source file ..\..\ImWindowSokol\ImwPlatformWindowSokol.cpp)
  c:\program files (x86)\windows kits\10\include\10.0.17134.0\shared\winerror.h(55205): note: see previous definition of 'D3D11_ERROR_TOO_MANY_UNIQUE_VIEW_OBJECTS' (compiling source file ..\..\ImWindowSokol\ImwPlatformWindowSokol.cpp)
c:\users\daniel\desktop\imwindow\externals\directx\include\d3d11.h(920): warning C4005: 'D3D11_ERROR_DEFERRED_CONTEXT_MAP_WITHOUT_INITIAL_DISCARD': macro redefinition (compiling source file ..\..\ImWindowSokol\ImwPlatformWindowSokol.cpp)
  c:\program files (x86)\windows kits\10\include\10.0.17134.0\shared\winerror.h(55214): note: see previous definition of 'D3D11_ERROR_DEFERRED_CONTEXT_MAP_WITHOUT_INITIAL_DISCARD' (compiling source file ..\..\ImWindowSokol\ImwPlatformWindowSokol.cpp)
c:\users\daniel\desktop\imwindow\externals\directx\include\d3d10.h(608): warning C4005: 'D3D10_ERROR_TOO_MANY_UNIQUE_STATE_OBJECTS': macro redefinition (compiling source file ..\..\ImWindowSokol\ImwPlatformWindowSokol.cpp)
  c:\program files (x86)\windows kits\10\include\10.0.17134.0\shared\winerror.h(55162): note: see previous definition of 'D3D10_ERROR_TOO_MANY_UNIQUE_STATE_OBJECTS' (compiling source file ..\..\ImWindowSokol\ImwPlatformWindowSokol.cpp)
c:\users\daniel\desktop\imwindow\externals\directx\include\d3d10.h(609): warning C4005: 'D3D10_ERROR_FILE_NOT_FOUND': macro redefinition (compiling source file ..\..\ImWindowSokol\ImwPlatformWindowSokol.cpp)
  c:\program files (x86)\windows kits\10\include\10.0.17134.0\shared\winerror.h(55171): note: see previous definition of 'D3D10_ERROR_FILE_NOT_FOUND' (compiling source file ..\..\ImWindowSokol\ImwPlatformWindowSokol.cpp)
c:\users\daniel\desktop\imwindow\imwindoweasywindow\imwplatformwindoweasywindow.h(9): warning C4099: 'IDXGIFactory': type name first seen using 'struct' now seen using 'class' (compiling source file ..\..\ImWindowSokol\ImwPlatformWindowSokol.cpp)
  c:\users\daniel\desktop\imwindow\externals\directx\include\dxgi.h(2054): note: see declaration of 'IDXGIFactory' (compiling source file ..\..\ImWindowSokol\ImwPlatformWindowSokol.cpp)
  main.cpp
  EasyWindow.cpp
  EasyWindowWin32.cpp
c:\users\daniel\desktop\imwindow\sample.h(16): fatal error C1083: Cannot open include file: 'Header.h': No such file or directory (compiling source file ..\..\ImWindowSokol\main.cpp)
